# JRE version: OpenJDK Runtime Environment (8.0_152-b01) (build 1.8.0_152-release-1343-b01)
# Java VM: OpenJDK 64-Bit Server VM (25.152-b01 mixed mode windows-amd64 compressed oops)
Heap:
 PSYoungGen      total 227840K, used 86867K [0x00000000e0000000, 0x00000000f1b00000, 0x0000000100000000)
  eden space 212992K, 33% used [0x00000000e0000000,0x00000000e4659b80,0x00000000ed000000)
  from space 14848K, 99% used [0x00000000ed000000,0x00000000ede7b410,0x00000000ede80000)
  to   space 18432K, 0% used [0x00000000f0900000,0x00000000f0900000,0x00000000f1b00000)
 ParOldGen       total 131584K, used 38815K [0x00000000a0000000, 0x00000000a8080000, 0x00000000e0000000)
  object space 131584K, 29% used [0x00000000a0000000,0x00000000a25e7d08,0x00000000a8080000)
 Metaspace       used 65348K, capacity 67430K, committed 67732K, reserved 1107968K
  class space    used 8855K, capacity 9301K, committed 9364K, reserved 1048576K
GC Heap History (10 events):
Event: 8.748 GC heap before
{Heap before GC invocations=14 (full 2):
 PSYoungGen      total 161280K, used 151058K [0x00000000e0000000, 0x00000000ecb00000, 0x0000000100000000)
  eden space 147456K, 100% used [0x00000000e0000000,0x00000000e9000000,0x00000000e9000000)
  from space 13824K, 26% used [0x00000000e9000000,0x00000000e9384900,0x00000000e9d80000)
  to   space 14336K, 0% used [0x00000000ebd00000,0x00000000ebd00000,0x00000000ecb00000)
 ParOldGen       total 84480K, used 27976K [0x00000000a0000000, 0x00000000a5280000, 0x00000000e0000000)
  object space 84480K, 33% used [0x00000000a0000000,0x00000000a1b52168,0x00000000a5280000)
 Metaspace       used 50767K, capacity 51864K, committed 52184K, reserved 1093632K
  class space    used 6792K, capacity 7061K, committed 7128K, reserved 1048576K
Event: 8.754 GC heap after
Heap after GC invocations=14 (full 2):
 PSYoungGen      total 194048K, used 6379K [0x00000000e0000000, 0x00000000ecb80000, 0x0000000100000000)
  eden space 179712K, 0% used [0x00000000e0000000,0x00000000e0000000,0x00000000eaf80000)
  from space 14336K, 44% used [0x00000000ebd00000,0x00000000ec33add8,0x00000000ecb00000)
  to   space 13824K, 0% used [0x00000000eaf80000,0x00000000eaf80000,0x00000000ebd00000)
 ParOldGen       total 84480K, used 27984K [0x00000000a0000000, 0x00000000a5280000, 0x00000000e0000000)
  object space 84480K, 33% used [0x00000000a0000000,0x00000000a1b54168,0x00000000a5280000)
 Metaspace       used 50767K, capacity 51864K, committed 52184K, reserved 1093632K
  class space    used 6792K, capacity 7061K, committed 7128K, reserved 1048576K
}
Event: 11.329 GC heap before
{Heap before GC invocations=15 (full 2):
 PSYoungGen      total 194048K, used 186091K [0x00000000e0000000, 0x00000000ecb80000, 0x0000000100000000)
  eden space 179712K, 100% used [0x00000000e0000000,0x00000000eaf80000,0x00000000eaf80000)
  from space 14336K, 44% used [0x00000000ebd00000,0x00000000ec33add8,0x00000000ecb00000)
  to   space 13824K, 0% used [0x00000000eaf80000,0x00000000eaf80000,0x00000000ebd00000)
 ParOldGen       total 84480K, used 27984K [0x00000000a0000000, 0x00000000a5280000, 0x00000000e0000000)
  object space 84480K, 33% used [0x00000000a0000000,0x00000000a1b54168,0x00000000a5280000)
 Metaspace       used 51048K, capacity 52148K, committed 52440K, reserved 1095680K
  class space    used 6804K, capacity 7067K, committed 7128K, reserved 1048576K
Event: 11.333 GC heap after
Heap after GC invocations=15 (full 2):
 PSYoungGen      total 193536K, used 5538K [0x00000000e0000000, 0x00000000eeb80000, 0x0000000100000000)
  eden space 179712K, 0% used [0x00000000e0000000,0x00000000e0000000,0x00000000eaf80000)
  from space 13824K, 40% used [0x00000000eaf80000,0x00000000eb4e8ba8,0x00000000ebd00000)
  to   space 13312K, 0% used [0x00000000ede80000,0x00000000ede80000,0x00000000eeb80000)
 ParOldGen       total 84480K, used 27992K [0x00000000a0000000, 0x00000000a5280000, 0x00000000e0000000)
  object space 84480K, 33% used [0x00000000a0000000,0x00000000a1b56168,0x00000000a5280000)
 Metaspace       used 51048K, capacity 52148K, committed 52440K, reserved 1095680K
  class space    used 6804K, capacity 7067K, committed 7128K, reserved 1048576K
}
Event: 12.804 GC heap before
{Heap before GC invocations=16 (full 2):
 PSYoungGen      total 193536K, used 126780K [0x00000000e0000000, 0x00000000eeb80000, 0x0000000100000000)
  eden space 179712K, 67% used [0x00000000e0000000,0x00000000e7666648,0x00000000eaf80000)
  from space 13824K, 40% used [0x00000000eaf80000,0x00000000eb4e8ba8,0x00000000ebd00000)
  to   space 13312K, 0% used [0x00000000ede80000,0x00000000ede80000,0x00000000eeb80000)
 ParOldGen       total 84480K, used 27992K [0x00000000a0000000, 0x00000000a5280000, 0x00000000e0000000)
  object space 84480K, 33% used [0x00000000a0000000,0x00000000a1b56168,0x00000000a5280000)
 Metaspace       used 57433K, capacity 58988K, committed 59028K, reserved 1099776K
  class space    used 7716K, capacity 8049K, committed 8084K, reserved 1048576K
Event: 12.817 GC heap after
Heap after GC invocations=16 (full 2):
 PSYoungGen      total 226304K, used 13216K [0x00000000e0000000, 0x00000000eed80000, 0x0000000100000000)
  eden space 212992K, 0% used [0x00000000e0000000,0x00000000e0000000,0x00000000ed000000)
  from space 13312K, 99% used [0x00000000ede80000,0x00000000eeb681b0,0x00000000eeb80000)
  to   space 14848K, 0% used [0x00000000ed000000,0x00000000ed000000,0x00000000ede80000)
 ParOldGen       total 84480K, used 28000K [0x00000000a0000000, 0x00000000a5280000, 0x00000000e0000000)
  object space 84480K, 33% used [0x00000000a0000000,0x00000000a1b58168,0x00000000a5280000)
 Metaspace       used 57433K, capacity 58988K, committed 59028K, reserved 1099776K
  class space    used 7716K, capacity 8049K, committed 8084K, reserved 1048576K
}
Event: 12.817 GC heap before
{Heap before GC invocations=17 (full 3):
 PSYoungGen      total 226304K, used 13216K [0x00000000e0000000, 0x00000000eed80000, 0x0000000100000000)
  eden space 212992K, 0% used [0x00000000e0000000,0x00000000e0000000,0x00000000ed000000)
  from space 13312K, 99% used [0x00000000ede80000,0x00000000eeb681b0,0x00000000eeb80000)
  to   space 14848K, 0% used [0x00000000ed000000,0x00000000ed000000,0x00000000ede80000)
 ParOldGen       total 84480K, used 28000K [0x00000000a0000000, 0x00000000a5280000, 0x00000000e0000000)
  object space 84480K, 33% used [0x00000000a0000000,0x00000000a1b58168,0x00000000a5280000)
 Metaspace       used 57433K, capacity 58988K, committed 59028K, reserved 1099776K
  class space    used 7716K, capacity 8049K, committed 8084K, reserved 1048576K
Event: 13.012 GC heap after
Heap after GC invocations=17 (full 3):
 PSYoungGen      total 226304K, used 0K [0x00000000e0000000, 0x00000000eed80000, 0x0000000100000000)
  eden space 212992K, 0% used [0x00000000e0000000,0x00000000e0000000,0x00000000ed000000)
  from space 13312K, 0% used [0x00000000ede80000,0x00000000ede80000,0x00000000eeb80000)
  to   space 14848K, 0% used [0x00000000ed000000,0x00000000ed000000,0x00000000ede80000)
 ParOldGen       total 131584K, used 34464K [0x00000000a0000000, 0x00000000a8080000, 0x00000000e0000000)
  object space 131584K, 26% used [0x00000000a0000000,0x00000000a21a83d0,0x00000000a8080000)
 Metaspace       used 57433K, capacity 58988K, committed 59028K, reserved 1099776K
  class space    used 7716K, capacity 8049K, committed 8084K, reserved 1048576K
}
Event: 14.949 GC heap before
{Heap before GC invocations=18 (full 3):
 PSYoungGen      total 226304K, used 212992K [0x00000000e0000000, 0x00000000eed80000, 0x0000000100000000)
  eden space 212992K, 100% used [0x00000000e0000000,0x00000000ed000000,0x00000000ed000000)
  from space 13312K, 0% used [0x00000000ede80000,0x00000000ede80000,0x00000000eeb80000)
  to   space 14848K, 0% used [0x00000000ed000000,0x00000000ed000000,0x00000000ede80000)
 ParOldGen       total 131584K, used 34464K [0x00000000a0000000, 0x00000000a8080000, 0x00000000e0000000)
  object space 131584K, 26% used [0x00000000a0000000,0x00000000a21a83d0,0x00000000a8080000)
 Metaspace       used 64522K, capacity 66684K, committed 66964K, reserved 1107968K
  class space    used 8792K, capacity 9268K, committed 9364K, reserved 1048576K
Event: 14.968 GC heap after
Heap after GC invocations=18 (full 3):
 PSYoungGen      total 227840K, used 14829K [0x00000000e0000000, 0x00000000f1b00000, 0x0000000100000000)
  eden space 212992K, 0% used [0x00000000e0000000,0x00000000e0000000,0x00000000ed000000)
  from space 14848K, 99% used [0x00000000ed000000,0x00000000ede7b410,0x00000000ede80000)
  to   space 18432K, 0% used [0x00000000f0900000,0x00000000f0900000,0x00000000f1b00000)
 ParOldGen       total 131584K, used 38815K [0x00000000a0000000, 0x00000000a8080000, 0x00000000e0000000)
  object space 131584K, 29% used [0x00000000a0000000,0x00000000a25e7d08,0x00000000a8080000)
 Metaspace       used 64522K, capacity 66684K, committed 66964K, reserved 1107968K
  class space    used 8792K, capacity 9268K, committed 9364K, reserved 1048576K
}

