# JRE version: OpenJDK Runtime Environment (8.0_152-b01) (build 1.8.0_152-release-1343-b01)
# Java VM: OpenJDK 64-Bit Server VM (25.152-b01 mixed mode windows-amd64 compressed oops)
Heap:
 PSYoungGen      total 295936K, used 65272K [0x00000000e0000000, 0x00000000f5580000, 0x0000000100000000)
  eden space 280064K, 17% used [0x00000000e0000000,0x00000000e3041358,0x00000000f1180000)
  from space 15872K, 99% used [0x00000000f2c80000,0x00000000f3bfd028,0x00000000f3c00000)
  to   space 27648K, 0% used [0x00000000f1180000,0x00000000f1180000,0x00000000f2c80000)
 ParOldGen       total 118784K, used 59689K [0x00000000a0000000, 0x00000000a7400000, 0x00000000e0000000)
  object space 118784K, 50% used [0x00000000a0000000,0x00000000a3a4a678,0x00000000a7400000)
 Metaspace       used 73823K, capacity 75696K, committed 76052K, reserved 1116160K
  class space    used 9719K, capacity 10138K, committed 10260K, reserved 1048576K
GC Heap History (10 events):
Event: 12.718 GC heap before
{Heap before GC invocations=15 (full 2):
 PSYoungGen      total 215040K, used 206127K [0x00000000e0000000, 0x00000000ee300000, 0x0000000100000000)
  eden space 200704K, 100% used [0x00000000e0000000,0x00000000ec400000,0x00000000ec400000)
  from space 14336K, 37% used [0x00000000ed200000,0x00000000ed74bd88,0x00000000ee000000)
  to   space 14336K, 0% used [0x00000000ec400000,0x00000000ec400000,0x00000000ed200000)
 ParOldGen       total 76800K, used 31227K [0x00000000a0000000, 0x00000000a4b00000, 0x00000000e0000000)
  object space 76800K, 40% used [0x00000000a0000000,0x00000000a1e7ef50,0x00000000a4b00000)
 Metaspace       used 51796K, capacity 52816K, committed 53080K, reserved 1095680K
  class space    used 6890K, capacity 7153K, committed 7256K, reserved 1048576K
Event: 12.722 GC heap after
Heap after GC invocations=15 (full 2):
 PSYoungGen      total 215040K, used 3000K [0x00000000e0000000, 0x00000000f0b80000, 0x0000000100000000)
  eden space 200704K, 0% used [0x00000000e0000000,0x00000000e0000000,0x00000000ec400000)
  from space 14336K, 20% used [0x00000000ec400000,0x00000000ec6ee3d8,0x00000000ed200000)
  to   space 14336K, 0% used [0x00000000efd80000,0x00000000efd80000,0x00000000f0b80000)
 ParOldGen       total 76800K, used 31235K [0x00000000a0000000, 0x00000000a4b00000, 0x00000000e0000000)
  object space 76800K, 40% used [0x00000000a0000000,0x00000000a1e80f50,0x00000000a4b00000)
 Metaspace       used 51796K, capacity 52816K, committed 53080K, reserved 1095680K
  class space    used 6890K, capacity 7153K, committed 7256K, reserved 1048576K
}
Event: 13.315 GC heap before
{Heap before GC invocations=16 (full 2):
 PSYoungGen      total 215040K, used 79696K [0x00000000e0000000, 0x00000000f0b80000, 0x0000000100000000)
  eden space 200704K, 38% used [0x00000000e0000000,0x00000000e4ae5e80,0x00000000ec400000)
  from space 14336K, 20% used [0x00000000ec400000,0x00000000ec6ee3d8,0x00000000ed200000)
  to   space 14336K, 0% used [0x00000000efd80000,0x00000000efd80000,0x00000000f0b80000)
 ParOldGen       total 76800K, used 31235K [0x00000000a0000000, 0x00000000a4b00000, 0x00000000e0000000)
  object space 76800K, 40% used [0x00000000a0000000,0x00000000a1e80f50,0x00000000a4b00000)
 Metaspace       used 57509K, capacity 58988K, committed 59028K, reserved 1099776K
  class space    used 7732K, capacity 8049K, committed 8084K, reserved 1048576K
Event: 13.324 GC heap after
Heap after GC invocations=16 (full 2):
 PSYoungGen      total 259072K, used 10607K [0x00000000e0000000, 0x00000000f0d00000, 0x0000000100000000)
  eden space 244736K, 0% used [0x00000000e0000000,0x00000000e0000000,0x00000000eef00000)
  from space 14336K, 73% used [0x00000000efd80000,0x00000000f07dbd48,0x00000000f0b80000)
  to   space 14848K, 0% used [0x00000000eef00000,0x00000000eef00000,0x00000000efd80000)
 ParOldGen       total 76800K, used 31243K [0x00000000a0000000, 0x00000000a4b00000, 0x00000000e0000000)
  object space 76800K, 40% used [0x00000000a0000000,0x00000000a1e82f50,0x00000000a4b00000)
 Metaspace       used 57509K, capacity 58988K, committed 59028K, reserved 1099776K
  class space    used 7732K, capacity 8049K, committed 8084K, reserved 1048576K
}
Event: 13.324 GC heap before
{Heap before GC invocations=17 (full 3):
 PSYoungGen      total 259072K, used 10607K [0x00000000e0000000, 0x00000000f0d00000, 0x0000000100000000)
  eden space 244736K, 0% used [0x00000000e0000000,0x00000000e0000000,0x00000000eef00000)
  from space 14336K, 73% used [0x00000000efd80000,0x00000000f07dbd48,0x00000000f0b80000)
  to   space 14848K, 0% used [0x00000000eef00000,0x00000000eef00000,0x00000000efd80000)
 ParOldGen       total 76800K, used 31243K [0x00000000a0000000, 0x00000000a4b00000, 0x00000000e0000000)
  object space 76800K, 40% used [0x00000000a0000000,0x00000000a1e82f50,0x00000000a4b00000)
 Metaspace       used 57509K, capacity 58988K, committed 59028K, reserved 1099776K
  class space    used 7732K, capacity 8049K, committed 8084K, reserved 1048576K
Event: 13.511 GC heap after
Heap after GC invocations=17 (full 3):
 PSYoungGen      total 259072K, used 0K [0x00000000e0000000, 0x00000000f0d00000, 0x0000000100000000)
  eden space 244736K, 0% used [0x00000000e0000000,0x00000000e0000000,0x00000000eef00000)
  from space 14336K, 0% used [0x00000000efd80000,0x00000000efd80000,0x00000000f0b80000)
  to   space 14848K, 0% used [0x00000000eef00000,0x00000000eef00000,0x00000000efd80000)
 ParOldGen       total 118784K, used 34187K [0x00000000a0000000, 0x00000000a7400000, 0x00000000e0000000)
  object space 118784K, 28% used [0x00000000a0000000,0x00000000a2162e58,0x00000000a7400000)
 Metaspace       used 57509K, capacity 58988K, committed 59028K, reserved 1099776K
  class space    used 7732K, capacity 8049K, committed 8084K, reserved 1048576K
}
Event: 37.178 GC heap before
{Heap before GC invocations=18 (full 3):
 PSYoungGen      total 259072K, used 244736K [0x00000000e0000000, 0x00000000f0d00000, 0x0000000100000000)
  eden space 244736K, 100% used [0x00000000e0000000,0x00000000eef00000,0x00000000eef00000)
  from space 14336K, 0% used [0x00000000efd80000,0x00000000efd80000,0x00000000f0b80000)
  to   space 14848K, 0% used [0x00000000eef00000,0x00000000eef00000,0x00000000efd80000)
 ParOldGen       total 118784K, used 34187K [0x00000000a0000000, 0x00000000a7400000, 0x00000000e0000000)
  object space 118784K, 28% used [0x00000000a0000000,0x00000000a2162e58,0x00000000a7400000)
 Metaspace       used 66388K, capacity 68192K, committed 68372K, reserved 1107968K
  class space    used 8818K, capacity 9192K, committed 9236K, reserved 1048576K
Event: 37.188 GC heap after
Heap after GC invocations=18 (full 3):
 PSYoungGen      total 259584K, used 11931K [0x00000000e0000000, 0x00000000f3c00000, 0x0000000100000000)
  eden space 244736K, 0% used [0x00000000e0000000,0x00000000e0000000,0x00000000eef00000)
  from space 14848K, 80% used [0x00000000eef00000,0x00000000efaa6c28,0x00000000efd80000)
  to   space 15872K, 0% used [0x00000000f2c80000,0x00000000f2c80000,0x00000000f3c00000)
 ParOldGen       total 118784K, used 34195K [0x00000000a0000000, 0x00000000a7400000, 0x00000000e0000000)
  object space 118784K, 28% used [0x00000000a0000000,0x00000000a2164e58,0x00000000a7400000)
 Metaspace       used 66388K, capacity 68192K, committed 68372K, reserved 1107968K
  class space    used 8818K, capacity 9192K, committed 9236K, reserved 1048576K
}
Event: 40.470 GC heap before
{Heap before GC invocations=19 (full 3):
 PSYoungGen      total 259584K, used 256667K [0x00000000e0000000, 0x00000000f3c00000, 0x0000000100000000)
  eden space 244736K, 100% used [0x00000000e0000000,0x00000000eef00000,0x00000000eef00000)
  from space 14848K, 80% used [0x00000000eef00000,0x00000000efaa6c28,0x00000000efd80000)
  to   space 15872K, 0% used [0x00000000f2c80000,0x00000000f2c80000,0x00000000f3c00000)
 ParOldGen       total 118784K, used 34195K [0x00000000a0000000, 0x00000000a7400000, 0x00000000e0000000)
  object space 118784K, 28% used [0x00000000a0000000,0x00000000a2164e58,0x00000000a7400000)
 Metaspace       used 72770K, capacity 74602K, committed 74772K, reserved 1114112K
  class space    used 9606K, capacity 9997K, committed 10004K, reserved 1048576K
Event: 40.515 GC heap after
Heap after GC invocations=19 (full 3):
 PSYoungGen      total 295936K, used 15860K [0x00000000e0000000, 0x00000000f5580000, 0x0000000100000000)
  eden space 280064K, 0% used [0x00000000e0000000,0x00000000e0000000,0x00000000f1180000)
  from space 15872K, 99% used [0x00000000f2c80000,0x00000000f3bfd028,0x00000000f3c00000)
  to   space 27648K, 0% used [0x00000000f1180000,0x00000000f1180000,0x00000000f2c80000)
 ParOldGen       total 118784K, used 59689K [0x00000000a0000000, 0x00000000a7400000, 0x00000000e0000000)
  object space 118784K, 50% used [0x00000000a0000000,0x00000000a3a4a678,0x00000000a7400000)
 Metaspace       used 72770K, capacity 74602K, committed 74772K, reserved 1114112K
  class space    used 9606K, capacity 9997K, committed 10004K, reserved 1048576K
}

