# JRE version: OpenJDK Runtime Environment (8.0_152-b01) (build 1.8.0_152-release-1343-b01)
# Java VM: OpenJDK 64-Bit Server VM (25.152-b01 mixed mode windows-amd64 compressed oops)
Heap:
 PSYoungGen      total 416768K, used 293035K [0x00000000e0000000, 0x0000000100000000, 0x0000000100000000)
  eden space 367616K, 66% used [0x00000000e0000000,0x00000000eee2afa8,0x00000000f6700000)
  from space 49152K, 99% used [0x00000000f6700000,0x00000000f96ffd40,0x00000000f9700000)
  to   space 80896K, 0% used [0x00000000fb100000,0x00000000fb100000,0x0000000100000000)
 ParOldGen       total 185856K, used 85893K [0x00000000a0000000, 0x00000000ab580000, 0x00000000e0000000)
  object space 185856K, 46% used [0x00000000a0000000,0x00000000a53e1420,0x00000000ab580000)
 Metaspace       used 76995K, capacity 79156K, committed 79508K, reserved 1118208K
  class space    used 10042K, capacity 10546K, committed 10644K, reserved 1048576K
GC Heap History (10 events):
Event: 22.400 GC heap before
{Heap before GC invocations=19 (full 3):
 PSYoungGen      total 360448K, used 360428K [0x00000000e0000000, 0x0000000100000000, 0x0000000100000000)
  eden space 321536K, 100% used [0x00000000e0000000,0x00000000f3a00000,0x00000000f3a00000)
  from space 38912K, 99% used [0x00000000f3a00000,0x00000000f5ffb190,0x00000000f6000000)
  to   space 56320K, 0% used [0x00000000fc900000,0x00000000fc900000,0x0000000100000000)
 ParOldGen       total 128000K, used 94080K [0x00000000a0000000, 0x00000000a7d00000, 0x00000000e0000000)
  object space 128000K, 73% used [0x00000000a0000000,0x00000000a5be03f0,0x00000000a7d00000)
 Metaspace       used 71420K, capacity 73462K, committed 73620K, reserved 1112064K
  class space    used 9547K, capacity 10035K, committed 10132K, reserved 1048576K
Event: 22.544 GC heap after
Heap after GC invocations=19 (full 3):
 PSYoungGen      total 421888K, used 56312K [0x00000000e0000000, 0x0000000100000000, 0x0000000100000000)
  eden space 365568K, 0% used [0x00000000e0000000,0x00000000e0000000,0x00000000f6500000)
  from space 56320K, 99% used [0x00000000fc900000,0x00000000ffffe128,0x0000000100000000)
  to   space 79360K, 0% used [0x00000000f6500000,0x00000000f6500000,0x00000000fb280000)
 ParOldGen       total 131584K, used 131489K [0x00000000a0000000, 0x00000000a8080000, 0x00000000e0000000)
  object space 131584K, 99% used [0x00000000a0000000,0x00000000a8068408,0x00000000a8080000)
 Metaspace       used 71420K, capacity 73462K, committed 73620K, reserved 1112064K
  class space    used 9547K, capacity 10035K, committed 10132K, reserved 1048576K
}
Event: 22.544 GC heap before
{Heap before GC invocations=20 (full 4):
 PSYoungGen      total 421888K, used 56312K [0x00000000e0000000, 0x0000000100000000, 0x0000000100000000)
  eden space 365568K, 0% used [0x00000000e0000000,0x00000000e0000000,0x00000000f6500000)
  from space 56320K, 99% used [0x00000000fc900000,0x00000000ffffe128,0x0000000100000000)
  to   space 79360K, 0% used [0x00000000f6500000,0x00000000f6500000,0x00000000fb280000)
 ParOldGen       total 131584K, used 131489K [0x00000000a0000000, 0x00000000a8080000, 0x00000000e0000000)
  object space 131584K, 99% used [0x00000000a0000000,0x00000000a8068408,0x00000000a8080000)
 Metaspace       used 71420K, capacity 73462K, committed 73620K, reserved 1112064K
  class space    used 9547K, capacity 10035K, committed 10132K, reserved 1048576K
Event: 22.680 GC heap after
Heap after GC invocations=20 (full 4):
 PSYoungGen      total 421888K, used 0K [0x00000000e0000000, 0x0000000100000000, 0x0000000100000000)
  eden space 365568K, 0% used [0x00000000e0000000,0x00000000e0000000,0x00000000f6500000)
  from space 56320K, 0% used [0x00000000fc900000,0x00000000fc900000,0x0000000100000000)
  to   space 79360K, 0% used [0x00000000f6500000,0x00000000f6500000,0x00000000fb280000)
 ParOldGen       total 185856K, used 39288K [0x00000000a0000000, 0x00000000ab580000, 0x00000000e0000000)
  object space 185856K, 21% used [0x00000000a0000000,0x00000000a265e2b8,0x00000000ab580000)
 Metaspace       used 71420K, capacity 73462K, committed 73620K, reserved 1112064K
  class space    used 9547K, capacity 10035K, committed 10132K, reserved 1048576K
}
Event: 45.342 GC heap before
{Heap before GC invocations=21 (full 4):
 PSYoungGen      total 421888K, used 365568K [0x00000000e0000000, 0x0000000100000000, 0x0000000100000000)
  eden space 365568K, 100% used [0x00000000e0000000,0x00000000f6500000,0x00000000f6500000)
  from space 56320K, 0% used [0x00000000fc900000,0x00000000fc900000,0x0000000100000000)
  to   space 79360K, 0% used [0x00000000f6500000,0x00000000f6500000,0x00000000fb280000)
 ParOldGen       total 185856K, used 39288K [0x00000000a0000000, 0x00000000ab580000, 0x00000000e0000000)
  object space 185856K, 21% used [0x00000000a0000000,0x00000000a265e2b8,0x00000000ab580000)
 Metaspace       used 75462K, capacity 77638K, committed 77844K, reserved 1116160K
  class space    used 9859K, capacity 10397K, committed 10516K, reserved 1048576K
Event: 45.351 GC heap after
Heap after GC invocations=21 (full 4):
 PSYoungGen      total 444928K, used 10860K [0x00000000e0000000, 0x0000000100000000, 0x0000000100000000)
  eden space 365568K, 0% used [0x00000000e0000000,0x00000000e0000000,0x00000000f6500000)
  from space 79360K, 13% used [0x00000000f6500000,0x00000000f6f9b218,0x00000000fb280000)
  to   space 77312K, 0% used [0x00000000fb480000,0x00000000fb480000,0x0000000100000000)
 ParOldGen       total 185856K, used 39296K [0x00000000a0000000, 0x00000000ab580000, 0x00000000e0000000)
  object space 185856K, 21% used [0x00000000a0000000,0x00000000a26602b8,0x00000000ab580000)
 Metaspace       used 75462K, capacity 77638K, committed 77844K, reserved 1116160K
  class space    used 9859K, capacity 10397K, committed 10516K, reserved 1048576K
}
Event: 45.639 GC heap before
{Heap before GC invocations=22 (full 4):
 PSYoungGen      total 444928K, used 376428K [0x00000000e0000000, 0x0000000100000000, 0x0000000100000000)
  eden space 365568K, 100% used [0x00000000e0000000,0x00000000f6500000,0x00000000f6500000)
  from space 79360K, 13% used [0x00000000f6500000,0x00000000f6f9b218,0x00000000fb280000)
  to   space 77312K, 0% used [0x00000000fb480000,0x00000000fb480000,0x0000000100000000)
 ParOldGen       total 185856K, used 39296K [0x00000000a0000000, 0x00000000ab580000, 0x00000000e0000000)
  object space 185856K, 21% used [0x00000000a0000000,0x00000000a26602b8,0x00000000ab580000)
 Metaspace       used 75505K, capacity 77702K, committed 77844K, reserved 1116160K
  class space    used 9859K, capacity 10397K, committed 10516K, reserved 1048576K
Event: 45.683 GC heap after
Heap after GC invocations=22 (full 4):
 PSYoungGen      total 444928K, used 42620K [0x00000000e0000000, 0x0000000100000000, 0x0000000100000000)
  eden space 367616K, 0% used [0x00000000e0000000,0x00000000e0000000,0x00000000f6700000)
  from space 77312K, 55% used [0x00000000fb480000,0x00000000fde1f030,0x0000000100000000)
  to   space 78336K, 0% used [0x00000000f6700000,0x00000000f6700000,0x00000000fb380000)
 ParOldGen       total 185856K, used 43686K [0x00000000a0000000, 0x00000000ab580000, 0x00000000e0000000)
  object space 185856K, 23% used [0x00000000a0000000,0x00000000a2aa9b50,0x00000000ab580000)
 Metaspace       used 75505K, capacity 77702K, committed 77844K, reserved 1116160K
  class space    used 9859K, capacity 10397K, committed 10516K, reserved 1048576K
}
Event: 45.949 GC heap before
{Heap before GC invocations=23 (full 4):
 PSYoungGen      total 444928K, used 410236K [0x00000000e0000000, 0x0000000100000000, 0x0000000100000000)
  eden space 367616K, 100% used [0x00000000e0000000,0x00000000f6700000,0x00000000f6700000)
  from space 77312K, 55% used [0x00000000fb480000,0x00000000fde1f030,0x0000000100000000)
  to   space 78336K, 0% used [0x00000000f6700000,0x00000000f6700000,0x00000000fb380000)
 ParOldGen       total 185856K, used 43686K [0x00000000a0000000, 0x00000000ab580000, 0x00000000e0000000)
  object space 185856K, 23% used [0x00000000a0000000,0x00000000a2aa9b50,0x00000000ab580000)
 Metaspace       used 75524K, capacity 77714K, committed 77844K, reserved 1116160K
  class space    used 9860K, capacity 10399K, committed 10516K, reserved 1048576K
Event: 46.001 GC heap after
Heap after GC invocations=23 (full 4):
 PSYoungGen      total 416768K, used 49151K [0x00000000e0000000, 0x0000000100000000, 0x0000000100000000)
  eden space 367616K, 0% used [0x00000000e0000000,0x00000000e0000000,0x00000000f6700000)
  from space 49152K, 99% used [0x00000000f6700000,0x00000000f96ffd40,0x00000000f9700000)
  to   space 80896K, 0% used [0x00000000fb100000,0x00000000fb100000,0x0000000100000000)
 ParOldGen       total 185856K, used 85893K [0x00000000a0000000, 0x00000000ab580000, 0x00000000e0000000)
  object space 185856K, 46% used [0x00000000a0000000,0x00000000a53e1420,0x00000000ab580000)
 Metaspace       used 75524K, capacity 77714K, committed 77844K, reserved 1116160K
  class space    used 9860K, capacity 10399K, committed 10516K, reserved 1048576K
}

