# JRE version: OpenJDK Runtime Environment (8.0_152-b01) (build 1.8.0_152-release-1343-b01)
# Java VM: OpenJDK 64-Bit Server VM (25.152-b01 mixed mode windows-amd64 compressed oops)
Heap:
 PSYoungGen      total 440832K, used 311706K [0x00000000e0000000, 0x00000000ffa80000, 0x0000000100000000)
  eden space 359424K, 79% used [0x00000000e0000000,0x00000000f17f2e10,0x00000000f5f00000)
  from space 81408K, 30% used [0x00000000f5f00000,0x00000000f7773bd8,0x00000000fae80000)
  to   space 77312K, 0% used [0x00000000faf00000,0x00000000faf00000,0x00000000ffa80000)
 ParOldGen       total 228352K, used 99682K [0x00000000a0000000, 0x00000000adf00000, 0x00000000e0000000)
  object space 228352K, 43% used [0x00000000a0000000,0x00000000a6158918,0x00000000adf00000)
 Metaspace       used 86624K, capacity 89866K, committed 90112K, reserved 1128448K
  class space    used 11170K, capacity 11905K, committed 12032K, reserved 1048576K
GC Heap History (10 events):
Event: 45.643 GC heap before
{Heap before GC invocations=26 (full 4):
 PSYoungGen      total 460800K, used 407091K [0x00000000e0000000, 0x0000000100000000, 0x0000000100000000)
  eden space 397312K, 100% used [0x00000000e0000000,0x00000000f8400000,0x00000000f8400000)
  from space 63488K, 15% used [0x00000000f8400000,0x00000000f8d8cf18,0x00000000fc200000)
  to   space 61952K, 0% used [0x00000000fc380000,0x00000000fc380000,0x0000000100000000)
 ParOldGen       total 177664K, used 88286K [0x00000000a0000000, 0x00000000aad80000, 0x00000000e0000000)
  object space 177664K, 49% used [0x00000000a0000000,0x00000000a5637a48,0x00000000aad80000)
 Metaspace       used 82347K, capacity 85414K, committed 85504K, reserved 1124352K
  class space    used 10734K, capacity 11483K, committed 11520K, reserved 1048576K
Event: 45.697 GC heap after
Heap after GC invocations=26 (full 4):
 PSYoungGen      total 418304K, used 61924K [0x00000000e0000000, 0x0000000100000000, 0x0000000100000000)
  eden space 356352K, 0% used [0x00000000e0000000,0x00000000e0000000,0x00000000f5c00000)
  from space 61952K, 99% used [0x00000000fc380000,0x00000000ffff93e0,0x0000000100000000)
  to   space 83968K, 0% used [0x00000000f5c00000,0x00000000f5c00000,0x00000000fae00000)
 ParOldGen       total 177664K, used 119232K [0x00000000a0000000, 0x00000000aad80000, 0x00000000e0000000)
  object space 177664K, 67% used [0x00000000a0000000,0x00000000a74700b8,0x00000000aad80000)
 Metaspace       used 82347K, capacity 85414K, committed 85504K, reserved 1124352K
  class space    used 10734K, capacity 11483K, committed 11520K, reserved 1048576K
}
Event: 85.507 GC heap before
{Heap before GC invocations=27 (full 4):
 PSYoungGen      total 418304K, used 418276K [0x00000000e0000000, 0x0000000100000000, 0x0000000100000000)
  eden space 356352K, 100% used [0x00000000e0000000,0x00000000f5c00000,0x00000000f5c00000)
  from space 61952K, 99% used [0x00000000fc380000,0x00000000ffff93e0,0x0000000100000000)
  to   space 83968K, 0% used [0x00000000f5c00000,0x00000000f5c00000,0x00000000fae00000)
 ParOldGen       total 177664K, used 119232K [0x00000000a0000000, 0x00000000aad80000, 0x00000000e0000000)
  object space 177664K, 67% used [0x00000000a0000000,0x00000000a74700b8,0x00000000aad80000)
 Metaspace       used 85651K, capacity 89122K, committed 89344K, reserved 1126400K
  class space    used 11102K, capacity 11907K, committed 12032K, reserved 1048576K
Event: 85.553 GC heap after
Heap after GC invocations=27 (full 4):
 PSYoungGen      total 440320K, used 16005K [0x00000000e0000000, 0x0000000100000000, 0x0000000100000000)
  eden space 356352K, 0% used [0x00000000e0000000,0x00000000e0000000,0x00000000f5c00000)
  from space 83968K, 19% used [0x00000000f5c00000,0x00000000f6ba1410,0x00000000fae00000)
  to   space 80896K, 0% used [0x00000000fb100000,0x00000000fb100000,0x0000000100000000)
 ParOldGen       total 177664K, used 177510K [0x00000000a0000000, 0x00000000aad80000, 0x00000000e0000000)
  object space 177664K, 99% used [0x00000000a0000000,0x00000000aad59b28,0x00000000aad80000)
 Metaspace       used 85651K, capacity 89122K, committed 89344K, reserved 1126400K
  class space    used 11102K, capacity 11907K, committed 12032K, reserved 1048576K
}
Event: 85.553 GC heap before
{Heap before GC invocations=28 (full 5):
 PSYoungGen      total 440320K, used 16005K [0x00000000e0000000, 0x0000000100000000, 0x0000000100000000)
  eden space 356352K, 0% used [0x00000000e0000000,0x00000000e0000000,0x00000000f5c00000)
  from space 83968K, 19% used [0x00000000f5c00000,0x00000000f6ba1410,0x00000000fae00000)
  to   space 80896K, 0% used [0x00000000fb100000,0x00000000fb100000,0x0000000100000000)
 ParOldGen       total 177664K, used 177510K [0x00000000a0000000, 0x00000000aad80000, 0x00000000e0000000)
  object space 177664K, 99% used [0x00000000a0000000,0x00000000aad59b28,0x00000000aad80000)
 Metaspace       used 85651K, capacity 89122K, committed 89344K, reserved 1126400K
  class space    used 11102K, capacity 11907K, committed 12032K, reserved 1048576K
Event: 85.640 GC heap after
Heap after GC invocations=28 (full 5):
 PSYoungGen      total 440320K, used 0K [0x00000000e0000000, 0x0000000100000000, 0x0000000100000000)
  eden space 356352K, 0% used [0x00000000e0000000,0x00000000e0000000,0x00000000f5c00000)
  from space 83968K, 0% used [0x00000000f5c00000,0x00000000f5c00000,0x00000000fae00000)
  to   space 80896K, 0% used [0x00000000fb100000,0x00000000fb100000,0x0000000100000000)
 ParOldGen       total 228352K, used 56879K [0x00000000a0000000, 0x00000000adf00000, 0x00000000e0000000)
  object space 228352K, 24% used [0x00000000a0000000,0x00000000a378be70,0x00000000adf00000)
 Metaspace       used 85458K, capacity 88670K, committed 89344K, reserved 1126400K
  class space    used 11046K, capacity 11785K, committed 12032K, reserved 1048576K
}
Event: 86.441 GC heap before
{Heap before GC invocations=29 (full 5):
 PSYoungGen      total 440320K, used 356352K [0x00000000e0000000, 0x0000000100000000, 0x0000000100000000)
  eden space 356352K, 100% used [0x00000000e0000000,0x00000000f5c00000,0x00000000f5c00000)
  from space 83968K, 0% used [0x00000000f5c00000,0x00000000f5c00000,0x00000000fae00000)
  to   space 80896K, 0% used [0x00000000fb100000,0x00000000fb100000,0x0000000100000000)
 ParOldGen       total 228352K, used 56879K [0x00000000a0000000, 0x00000000adf00000, 0x00000000e0000000)
  object space 228352K, 24% used [0x00000000a0000000,0x00000000a378be70,0x00000000adf00000)
 Metaspace       used 85508K, capacity 88740K, committed 89344K, reserved 1126400K
  class space    used 11046K, capacity 11786K, committed 12032K, reserved 1048576K
Event: 86.466 GC heap after
Heap after GC invocations=29 (full 5):
 PSYoungGen      total 438272K, used 44444K [0x00000000e0000000, 0x00000000ffe00000, 0x0000000100000000)
  eden space 359424K, 0% used [0x00000000e0000000,0x00000000e0000000,0x00000000f5f00000)
  from space 78848K, 56% used [0x00000000fb100000,0x00000000fdc67220,0x00000000ffe00000)
  to   space 81408K, 0% used [0x00000000f5f00000,0x00000000f5f00000,0x00000000fae80000)
 ParOldGen       total 228352K, used 56887K [0x00000000a0000000, 0x00000000adf00000, 0x00000000e0000000)
  object space 228352K, 24% used [0x00000000a0000000,0x00000000a378de70,0x00000000adf00000)
 Metaspace       used 85508K, capacity 88740K, committed 89344K, reserved 1126400K
  class space    used 11046K, capacity 11786K, committed 12032K, reserved 1048576K
}
Event: 86.651 GC heap before
{Heap before GC invocations=30 (full 5):
 PSYoungGen      total 438272K, used 403868K [0x00000000e0000000, 0x00000000ffe00000, 0x0000000100000000)
  eden space 359424K, 100% used [0x00000000e0000000,0x00000000f5f00000,0x00000000f5f00000)
  from space 78848K, 56% used [0x00000000fb100000,0x00000000fdc67220,0x00000000ffe00000)
  to   space 81408K, 0% used [0x00000000f5f00000,0x00000000f5f00000,0x00000000fae80000)
 ParOldGen       total 228352K, used 56887K [0x00000000a0000000, 0x00000000adf00000, 0x00000000e0000000)
  object space 228352K, 24% used [0x00000000a0000000,0x00000000a378de70,0x00000000adf00000)
 Metaspace       used 85539K, capacity 88804K, committed 89344K, reserved 1126400K
  class space    used 11046K, capacity 11786K, committed 12032K, reserved 1048576K
Event: 86.685 GC heap after
Heap after GC invocations=30 (full 5):
 PSYoungGen      total 440832K, used 25038K [0x00000000e0000000, 0x00000000ffa80000, 0x0000000100000000)
  eden space 359424K, 0% used [0x00000000e0000000,0x00000000e0000000,0x00000000f5f00000)
  from space 81408K, 30% used [0x00000000f5f00000,0x00000000f7773bd8,0x00000000fae80000)
  to   space 77312K, 0% used [0x00000000faf00000,0x00000000faf00000,0x00000000ffa80000)
 ParOldGen       total 228352K, used 99682K [0x00000000a0000000, 0x00000000adf00000, 0x00000000e0000000)
  object space 228352K, 43% used [0x00000000a0000000,0x00000000a6158918,0x00000000adf00000)
 Metaspace       used 85539K, capacity 88804K, committed 89344K, reserved 1126400K
  class space    used 11046K, capacity 11786K, committed 12032K, reserved 1048576K
}

